<?xml version="1.0" encoding="UTF-8"?>
<!-- Generated by org.testng.reporters.JUnitReportReporter -->
<testsuite hostname="WKWIN5410879" failures="0" tests="1" name="SumValidation" time="1.702" errors="0" timestamp="2025-02-03T09:01:38 IST" skipped="0">
  <testcase classname="SumValidation" name="sumOfCourse" time="1.702"/>
</testsuite> <!-- SumValidation -->
